
Start-Date: 2015-05-20  22:57:47
Commandline: apt-get -y -qq -o Dpkg::Options::=--force-confdef -o Dpkg::Options::=--force-confold -o Acquire::ForceIPv4=true upgrade
Upgrade: libsqlite3-0:amd64 (3.8.7.1-1, 3.8.7.1-1+deb8u1), tzdata:amd64 (2015c-1, 2015d-0+deb8u1), libtasn1-6:amd64 (4.2-3, 4.2-3+deb8u1)
End-Date: 2015-05-20  22:57:53

Start-Date: 2015-05-20  23:51:49
Commandline: apt-get install apache2
Install: apache2-utils:amd64 (2.4.10-10, automatic), liblua5.1-0:amd64 (5.1.5-7.1, automatic), libsasl2-modules-db:amd64 (2.1.26.dfsg1-13, automatic), libaprutil1:amd64 (1.5.4-1, automatic), libaprutil1-dbd-sqlite3:amd64 (1.5.4-1, automatic), ssl-cert:amd64 (1.0.35, automatic), libldap-2.4-2:amd64 (2.4.40+dfsg-1, automatic), libaprutil1-ldap:amd64 (1.5.4-1, automatic), apache2-data:amd64 (2.4.10-10, automatic), libapr1:amd64 (1.5.1-3, automatic), libsasl2-modules:amd64 (2.1.26.dfsg1-13, automatic), libsasl2-2:amd64 (2.1.26.dfsg1-13, automatic), apache2:amd64 (2.4.10-10), apache2-bin:amd64 (2.4.10-10, automatic)
End-Date: 2015-05-20  23:52:18

Start-Date: 2015-05-20  23:56:37
Commandline: apt-get install php5
Install: libapache2-mod-php5:amd64 (5.6.7+dfsg-1, automatic), php5-common:amd64 (5.6.7+dfsg-1, automatic), libonig2:amd64 (5.9.5-3.2, automatic), libqdbm14:amd64 (1.8.78-5+b1, automatic), libmagic1:amd64 (5.22+15-2, automatic), php5-readline:amd64 (5.6.7+dfsg-1, automatic), php5:amd64 (5.6.7+dfsg-1), php5-cli:amd64 (5.6.7+dfsg-1, automatic), lsof:amd64 (4.86+dfsg-1, automatic), php5-json:amd64 (1.3.6-1, automatic), libperl4-corelibs-perl:amd64 (0.003-1, automatic)
End-Date: 2015-05-20  23:57:05

Start-Date: 2015-05-22  01:53:02
Commandline: apt-get install mysql-server php5-mysql phpmyadmin
Install: mysql-server-core-5.5:amd64 (5.5.43-0+deb8u1, automatic), mysql-server-5.5:amd64 (5.5.43-0+deb8u1, automatic), libxau6:amd64 (1.0.8-1, automatic), libaio1:amd64 (0.3.110-1, automatic), libltdl7:amd64 (2.4.2-1.11, automatic), php5-mysql:amd64 (5.6.7+dfsg-1), libfontconfig1:amd64 (2.11.0-6.3, automatic), libtiff5:amd64 (4.0.3-12.3, automatic), libx11-data:amd64 (1.6.2-3, automatic), dbconfig-common:amd64 (1.8.47+nmu3, automatic), php5-mcrypt:amd64 (5.6.7+dfsg-1, automatic), libxcb1:amd64 (1.10-3+b1, automatic), libvpx1:amd64 (1.3.0-3, automatic), libmcrypt4:amd64 (2.5.8-3.3, automatic), fontconfig-config:amd64 (2.11.0-6.3, automatic), phpmyadmin:amd64 (4.2.12-2), libgd3:amd64 (2.1.0-5, automatic), libjs-jquery:amd64 (1.7.2+dfsg-3.2, automatic), mysql-client-5.5:amd64 (5.5.43-0+deb8u1, automatic), libhtml-template-perl:amd64 (2.95-1, automatic), libterm-readkey-perl:amd64 (2.32-1+b1, automatic), libxdmcp6:amd64 (1.1.1-1+b1, automatic), mysql-common:amd64 (5.5.43-0+deb8u1, automatic), php-tcpdf:amd64 (6.0.093+dfsg-1, automatic), libmysqlclient18:amd64 (5.5.43-0+deb8u1, automatic), libjs-underscore:amd64 (1.7.0~dfsg-1, automatic), libjs-sphinxdoc:amd64 (1.2.3+dfsg-1, automatic), php-gettext:amd64 (1.0.11-1, automatic), libjbig0:amd64 (2.1-3.1, automatic), mysql-server:amd64 (5.5.43-0+deb8u1), libjpeg62-turbo:amd64 (1.3.1-12, automatic), javascript-common:amd64 (11, automatic), php5-gd:amd64 (5.6.7+dfsg-1, automatic), fonts-dejavu-core:amd64 (2.34-1, automatic), libx11-6:amd64 (1.6.2-3, automatic), libdbd-mysql-perl:amd64 (4.028-2+b1, automatic), libxpm4:amd64 (3.5.11-1+b1, automatic), libdbi-perl:amd64 (1.631-3+b1, automatic)
End-Date: 2015-05-22  01:55:06

Start-Date: 2015-05-22  02:01:19
Commandline: apt-get --purge remove mysql-server php5-mysql phpmyadmin
Purge: php5-mysql:amd64 (5.6.7+dfsg-1), phpmyadmin:amd64 (4.2.12-2), mysql-server:amd64 (5.5.43-0+deb8u1)
End-Date: 2015-05-22  02:01:48

Start-Date: 2015-05-22  02:12:54
Commandline: apt-get install libapache2-mod-php5 mysql-server php5-mysql php5-gd phpmyadmin
Install: php5-mysql:amd64 (5.6.7+dfsg-1), phpmyadmin:amd64 (4.2.12-2), mysql-server:amd64 (5.5.43-0+deb8u1)
End-Date: 2015-05-22  02:13:13

Start-Date: 2015-05-22  18:21:57
Commandline: apt-get install ntp ntpdate
Install: libopts25:amd64 (5.18.4-3, automatic), ntp:amd64 (4.2.6.p5+dfsg-7)
End-Date: 2015-05-22  18:22:04

Start-Date: 2015-05-22  18:33:34
Commandline: apt-get install vsftpd
Install: vsftpd:amd64 (3.0.2-17), dialog:amd64 (1.2-20140911-1, automatic)
End-Date: 2015-05-22  18:33:42

Start-Date: 2015-05-22  18:47:33
Commandline: apt-get --purge remove vsftpd
Purge: vsftpd:amd64 (3.0.2-17)
End-Date: 2015-05-22  18:47:41

Start-Date: 2015-05-22  19:11:14
Commandline: apt-get install ssh openssh-server
Install: ssh:amd64 (6.7p1-5)
End-Date: 2015-05-22  19:11:15

Start-Date: 2015-05-23  04:41:02
Commandline: apt-get install proftpd
Install: libmemcached11:amd64 (1.0.18-4, automatic), proftpd-basic:amd64 (1.3.5-1.1+deb8u1), libmemcachedutil2:amd64 (1.0.18-4, automatic)
End-Date: 2015-05-23  04:41:10

Start-Date: 2015-05-24  02:10:14
Commandline: apt-get install strace
Install: strace:amd64 (4.9-2)
End-Date: 2015-05-24  02:10:16

Start-Date: 2015-05-25  22:50:11
Commandline: apt-get install git-core gitk
Install: tcl:amd64 (8.6.0+8, automatic), libxcb-dri2-0:amd64 (1.10-3+b1, automatic), libtk8.6:amd64 (8.6.2-1, automatic), libxfixes3:amd64 (5.0.1-2+b2, automatic), libxft2:amd64 (2.3.2-1, automatic), libpciaccess0:amd64 (0.13.2-3+b1, automatic), libtcl8.6:amd64 (8.6.2+dfsg-2, automatic), libxaw7:amd64 (1.0.12-2+b1, automatic), libxext6:amd64 (1.3.3-1, automatic), libice6:amd64 (1.0.9-1+b1, automatic), x11-utils:amd64 (7.7+2, automatic), libx11-xcb1:amd64 (1.6.2-3, automatic), libxi6:amd64 (1.7.4-1+b2, automatic), libdrm-intel1:amd64 (2.4.58-2, automatic), libllvm3.5:amd64 (3.5-10, automatic), libgl1-mesa-dri:amd64 (10.3.2-1, automatic), libsm6:amd64 (1.2.2-1+b1, automatic), libdrm-radeon1:amd64 (2.4.58-2, automatic), tk:amd64 (8.6.0+8, automatic), libxtst6:amd64 (1.2.2-1+b1, automatic), gitk:amd64 (2.1.4-2.1), libglapi-mesa:amd64 (10.3.2-1, automatic), libxt6:amd64 (1.1.4-1+b1, automatic), libtxc-dxtn-s2tc0:amd64 (0~git20131104-1.1, automatic), xbitmaps:amd64 (1.1.1-2, automatic), libxrender1:amd64 (0.9.8-1+b1, automatic), patch:amd64 (2.7.5-1, automatic), libxv1:amd64 (1.0.10-1+b1, automatic), librtmp1:amd64 (2.4+20150115.gita107cef-1, automatic), libutempter0:amd64 (1.1.5-4, automatic), libxss1:amd64 (1.2.2-1, automatic), libxcb-glx0:amd64 (1.10-3+b1, automatic), libssh2-1:amd64 (1.4.3-4.1, automatic), libgl1-mesa-glx:amd64 (10.3.2-1, automatic), libxcb-sync1:amd64 (1.10-3+b1, automatic), liberror-perl:amd64 (0.17-1.1, automatic), ca-certificates:amd64 (20141019, automatic), libdrm-nouveau2:amd64 (2.4.58-2, automatic), git-man:amd64 (2.1.4-2.1, automatic), git:amd64 (2.1.4-2.1, automatic), libxcb-shape0:amd64 (1.10-3+b1, automatic), libxmu6:amd64 (1.1.2-1, automatic), tk8.6:amd64 (8.6.2-1, automatic), tcl8.6:amd64 (8.6.2+dfsg-2, automatic), git-core:amd64 (2.1.4-2.1), libxinerama1:amd64 (1.1.3-1+b1, automatic), libxmuu1:amd64 (1.1.2-1, automatic), xterm:amd64 (312-2, automatic), libxcomposite1:amd64 (0.4.4-1, automatic), libxdamage1:amd64 (1.1.4-2+b1, automatic), libxxf86vm1:amd64 (1.1.3-1+b1, automatic), libfontenc1:amd64 (1.1.2-1+b2, automatic), libelf1:amd64 (0.159-4.2, automatic), libxcb-dri3-0:amd64 (1.10-3+b1, automatic), libxcb-present0:amd64 (1.10-3+b1, automatic), x11-common:amd64 (7.7+7, automatic), libdrm2:amd64 (2.4.58-2, automatic), libxrandr2:amd64 (1.4.2-1+b1, automatic), libxxf86dga1:amd64 (1.1.4-1+b1, automatic), libcurl3-gnutls:amd64 (7.38.0-4+deb8u2, automatic), libxshmfence1:amd64 (1.1-4, automatic)
End-Date: 2015-05-25  22:51:14

Start-Date: 2015-05-25  22:52:43
Commandline: apt-get autoremove --purge gitk
Purge: gitk:amd64 (2.1.4-2.1)
End-Date: 2015-05-25  22:52:45

Start-Date: 2015-05-25  22:53:15
Commandline: apt-get autoremove
Remove: tcl:amd64 (8.6.0+8), libxcb-dri2-0:amd64 (1.10-3+b1), libtk8.6:amd64 (8.6.2-1), libxfixes3:amd64 (5.0.1-2+b2), libxft2:amd64 (2.3.2-1), libpciaccess0:amd64 (0.13.2-3+b1), libtcl8.6:amd64 (8.6.2+dfsg-2), libxaw7:amd64 (1.0.12-2+b1), libxext6:amd64 (1.3.3-1), libice6:amd64 (1.0.9-1+b1), x11-utils:amd64 (7.7+2), libx11-xcb1:amd64 (1.6.2-3), libxi6:amd64 (1.7.4-1+b2), libdrm-intel1:amd64 (2.4.58-2), libllvm3.5:amd64 (3.5-10), libgl1-mesa-dri:amd64 (10.3.2-1), libsm6:amd64 (1.2.2-1+b1), libdrm-radeon1:amd64 (2.4.58-2), tk:amd64 (8.6.0+8), libxtst6:amd64 (1.2.2-1+b1), libglapi-mesa:amd64 (10.3.2-1), libxt6:amd64 (1.1.4-1+b1), libtxc-dxtn-s2tc0:amd64 (0~git20131104-1.1), xbitmaps:amd64 (1.1.1-2), libxrender1:amd64 (0.9.8-1+b1), libxv1:amd64 (1.0.10-1+b1), libutempter0:amd64 (1.1.5-4), libxss1:amd64 (1.2.2-1), libxcb-glx0:amd64 (1.10-3+b1), libgl1-mesa-glx:amd64 (10.3.2-1), libxcb-sync1:amd64 (1.10-3+b1), libdrm-nouveau2:amd64 (2.4.58-2), libxcb-shape0:amd64 (1.10-3+b1), libxmu6:amd64 (1.1.2-1), tk8.6:amd64 (8.6.2-1), tcl8.6:amd64 (8.6.2+dfsg-2), libxinerama1:amd64 (1.1.3-1+b1), libxmuu1:amd64 (1.1.2-1), xterm:amd64 (312-2), libxcomposite1:amd64 (0.4.4-1), libxdamage1:amd64 (1.1.4-2+b1), libxxf86vm1:amd64 (1.1.3-1+b1), libfontenc1:amd64 (1.1.2-1+b2), libelf1:amd64 (0.159-4.2), libxcb-dri3-0:amd64 (1.10-3+b1), libxcb-present0:amd64 (1.10-3+b1), x11-common:amd64 (7.7+7), libdrm2:amd64 (2.4.58-2), libxrandr2:amd64 (1.4.2-1+b1), libxxf86dga1:amd64 (1.1.4-1+b1), libxshmfence1:amd64 (1.1-4)
End-Date: 2015-05-25  22:53:33

Start-Date: 2015-05-26  18:37:55
Commandline: apt-get dist-upgrade
Upgrade: libfuse2:amd64 (2.9.3-15+b1, 2.9.3-15+deb8u1)
End-Date: 2015-05-26  18:37:56

Start-Date: 2015-05-26  18:38:37
Commandline: apt-get -y install unzip nginx php5-fpm mysql-server
Install: php5-fpm:amd64 (5.6.7+dfsg-1), libapparmor1:amd64 (2.9.0-3, automatic), unzip:amd64 (6.0-16), libxslt1.1:amd64 (1.1.28-2+b2, automatic), nginx-common:amd64 (1.6.2-5, automatic), nginx:amd64 (1.6.2-5), nginx-full:amd64 (1.6.2-5, automatic)
Error: Sub-process /usr/bin/dpkg returned an error code (1)
End-Date: 2015-05-26  18:38:55

Start-Date: 2015-05-26  18:39:46
Commandline: apt-get -y install binutils
Install: binutils:amd64 (2.25-5)
Error: Sub-process /usr/bin/dpkg returned an error code (1)
End-Date: 2015-05-26  18:39:52

Start-Date: 2015-05-26  18:40:04
Commandline: apt-get -y install curl
Install: curl:amd64 (7.38.0-4+deb8u2), libcurl3:amd64 (7.38.0-4+deb8u2, automatic)
Error: Sub-process /usr/bin/dpkg returned an error code (1)
End-Date: 2015-05-26  18:40:09

Start-Date: 2015-05-26  18:42:27
Commandline: apt-get install -y postfix postfix-mysql php5-imap php5-curl
Install: libc-client2007e:amd64 (2007f~dfsg-4, automatic), postfix:amd64 (2.11.3-1), postfix-mysql:amd64 (2.11.3-1), php5-curl:amd64 (5.6.7+dfsg-1), mlock:amd64 (2007f~dfsg-4, automatic), php5-imap:amd64 (5.6.7+dfsg-1)
Error: Sub-process /usr/bin/dpkg returned an error code (1)
End-Date: 2015-05-26  18:42:56

Start-Date: 2015-05-26  18:43:49
Commandline: apt-get -y remove nginx nginx-full
Remove: nginx:amd64 (1.6.2-5), nginx-full:amd64 (1.6.2-5)
End-Date: 2015-05-26  18:43:50

Start-Date: 2015-05-26  18:43:54
Commandline: apt-get -y autoremove
Remove: libxslt1.1:amd64 (1.1.28-2+b2), nginx-common:amd64 (1.6.2-5)
End-Date: 2015-05-26  18:43:57

Start-Date: 2015-05-26  18:43:59
Commandline: apt-get -y install nginx
Install: libxslt1.1:amd64 (1.1.28-2+b2, automatic), nginx-common:amd64 (1.6.2-5, automatic), nginx:amd64 (1.6.2-5), nginx-full:amd64 (1.6.2-5, automatic)
Error: Sub-process /usr/bin/dpkg returned an error code (1)
End-Date: 2015-05-26  18:44:08

Start-Date: 2015-05-26  18:44:24
Commandline: apt-get -y remove nginx*
Remove: nginx-common:amd64 (1.6.2-5), nginx:amd64 (1.6.2-5), nginx-full:amd64 (1.6.2-5)
End-Date: 2015-05-26  18:44:27

Start-Date: 2015-05-26  18:44:38
Commandline: apt-get -y autoremove
Remove: libxslt1.1:amd64 (1.1.28-2+b2)
End-Date: 2015-05-26  18:44:39

Start-Date: 2015-05-26  18:47:42
Commandline: apt-get -y install nginx
Install: nginx:amd64 (1.8.0-1~jessie)
End-Date: 2015-05-26  18:47:45

Start-Date: 2015-05-26  18:48:14
Commandline: apt-get purge -y postfix postfix-mysql dovecot-core dovecot-imapd dovecot-lmtpd dovecot-mysql opendkim opendkim-tools opendmarc spamassassin spamc dovecot-sieve dovecot-managesieved
Purge: postfix:amd64 (2.11.3-1), postfix-mysql:amd64 (2.11.3-1)
End-Date: 2015-05-26  18:48:20

Start-Date: 2015-05-26  18:58:07
Commandline: apt-get install -y postfix postfix-mysql php5-imap php5-curl
Install: postfix:amd64 (2.11.3-1), postfix-mysql:amd64 (2.11.3-1)
End-Date: 2015-05-26  18:58:21

Start-Date: 2015-05-26  19:21:13
Commandline: apt-get install -y dovecot-core dovecot-imapd dovecot-lmtpd dovecot-mysql
Install: dovecot-mysql:amd64 (2.2.13-11), dovecot-core:amd64 (2.2.13-11), dovecot-lmtpd:amd64 (2.2.13-11), dovecot-imapd:amd64 (2.2.13-11)
End-Date: 2015-05-26  19:21:41

Start-Date: 2015-05-26  19:23:08
Commandline: apt-get install -y opendkim opendkim-tools
Install: libvbr2:amd64 (2.9.2-2, automatic), libmilter1.0.1:amd64 (8.14.4-8, automatic), libunbound2:amd64 (1.4.22-3, automatic), libopendkim9:amd64 (2.9.2-2, automatic), libopendbx1:amd64 (1.4.6-8, automatic), librbl1:amd64 (2.9.2-2, automatic), libopendbx1-sqlite3:amd64 (1.4.6-8, automatic), opendkim:amd64 (2.9.2-2), opendkim-tools:amd64 (2.9.2-2)
End-Date: 2015-05-26  19:23:17

Start-Date: 2015-05-26  19:23:35
Commandline: apt-get install -y opendmarc
Install: libhttp-message-perl:amd64 (6.06-1, automatic), liblwp-mediatypes-perl:amd64 (6.02-1, automatic), libtimedate-perl:amd64 (2.3000-2, automatic), libswitch-perl:amd64 (2.17-2, automatic), libopendmarc2:amd64 (1.3.0+dfsg-1, automatic), libspf2-2:amd64 (1.2.10-5, automatic), libio-html-perl:amd64 (1.001-1, automatic), opendmarc:amd64 (1.3.0+dfsg-1), liburi-perl:amd64 (1.64-1, automatic), libhttp-date-perl:amd64 (6.02-1, automatic), libencode-locale-perl:amd64 (1.03-1, automatic), libopendbx1-mysql:amd64 (1.4.6-8, automatic)
End-Date: 2015-05-26  19:23:45

Start-Date: 2015-05-26  19:24:04
Commandline: apt-get install -y spamassassin spamc
Install: libio-socket-ssl-perl:amd64 (2.002-2, automatic), libisl10:amd64 (0.12.2-2, automatic), libdigest-hmac-perl:amd64 (1.03+dfsg-1, automatic), libhttp-cookies-perl:amd64 (6.01-1, automatic), libhtml-form-perl:amd64 (6.03-1, automatic), libasan1:amd64 (4.9.2-10, automatic), libnet-smtp-ssl-perl:amd64 (1.01-3, automatic), libquadmath0:amd64 (4.9.2-10, automatic), libmpc3:amd64 (1.0.2-1, automatic), spamassassin:amd64 (3.4.0-6), liblwp-protocol-https-perl:amd64 (6.06-2, automatic), make:amd64 (4.0-8.1, automatic), libnet-ssleay-perl:amd64 (1.65-1+b1, automatic), spamc:amd64 (3.4.0-6), libubsan0:amd64 (4.9.2-10, automatic), libauthen-sasl-perl:amd64 (2.1600-1, automatic), cpp-4.9:amd64 (4.9.2-10, automatic), libgomp1:amd64 (4.9.2-10, automatic), sa-compile:amd64 (3.4.0-6, automatic), libhttp-daemon-perl:amd64 (6.01-1, automatic), libnet-ip-perl:amd64 (1.26-1, automatic), libtsan0:amd64 (4.9.2-10, automatic), libcilkrts5:amd64 (4.9.2-10, automatic), libmailtools-perl:amd64 (2.13-1, automatic), libhtml-format-perl:amd64 (2.11-1, automatic), libc-dev-bin:amd64 (2.19-18, automatic), libnet-http-perl:amd64 (6.07-1, automatic), libhtml-parser-perl:amd64 (3.71-1+b3, automatic), libatomic1:amd64 (4.9.2-10, automatic), libnet-dns-perl:amd64 (0.81-2, automatic), libwww-robotrules-perl:amd64 (6.01-1, automatic), libmpfr4:amd64 (3.1.2-2, automatic), libwww-perl:amd64 (6.08-1, automatic), gcc:amd64 (4.9.2-2, automatic), re2c:amd64 (0.13.5-1, automatic), libfile-listing-perl:amd64 (6.04-1, automatic), cpp:amd64 (4.9.2-2, automatic), gcc-4.9:amd64 (4.9.2-10, automatic), libsys-hostname-long-perl:amd64 (1.4-3, automatic), libfont-afm-perl:amd64 (1.20-1, automatic), libmail-spf-perl:amd64 (2.9.0-3, automatic), libcloog-isl4:amd64 (0.18.2-1+b2, automatic), manpages-dev:amd64 (3.74-1, automatic), libio-socket-inet6-perl:amd64 (2.72-1, automatic), libgcc-4.9-dev:amd64 (4.9.2-10, automatic), libsocket6-perl:amd64 (0.25-1+b1, automatic), libnetaddr-ip-perl:amd64 (4.075+dfsg-1+b1, automatic), libhtml-tagset-perl:amd64 (3.20-2, automatic), linux-libc-dev:amd64 (3.16.7-ckt9-3~deb8u1, automatic), liblsan0:amd64 (4.9.2-10, automatic), libhtml-tree-perl:amd64 (5.03-1, automatic), libitm1:amd64 (4.9.2-10, automatic), libc6-dev:amd64 (2.19-18, automatic), libhttp-negotiate-perl:amd64 (6.00-2, automatic)
End-Date: 2015-05-26  19:26:43

Start-Date: 2015-05-26  19:27:22
Commandline: apt-get install -y dovecot-sieve dovecot-managesieved
Install: dovecot-sieve:amd64 (2.2.13-11), dovecot-managesieved:amd64 (2.2.13-11)
End-Date: 2015-05-26  19:27:36

Start-Date: 2015-05-26  19:53:37
Commandline: apt-get -y install ccze
Install: ccze:amd64 (0.2.1-2)
End-Date: 2015-05-26  19:53:40
