update-alternatives 2015-05-20 23:56:51: run with --install /usr/bin/php php /usr/bin/php5 50 --slave /usr/share/man/man1/php.1.gz php.1.gz /usr/share/man/man1/php5.1.gz
update-alternatives 2015-05-20 23:56:51: link group php updated to point to /usr/bin/php5
update-alternatives 2015-05-25 22:50:54: run with --install /usr/lib/x86_64-linux-gnu/libtxc_dxtn.so libtxc-dxtn-x86_64-linux-gnu /usr/lib/x86_64-linux-gnu/libtxc_dxtn_s2tc.so.0 10
update-alternatives 2015-05-25 22:50:54: link group libtxc-dxtn-x86_64-linux-gnu updated to point to /usr/lib/x86_64-linux-gnu/libtxc_dxtn_s2tc.so.0
update-alternatives 2015-05-25 22:51:01: run with --install /usr/bin/x-terminal-emulator x-terminal-emulator /usr/bin/xterm 20 --slave /usr/share/man/man1/x-terminal-emulator.1.gz x-terminal-emulator.1.gz /usr/share/man/man1/xterm.1.gz
update-alternatives 2015-05-25 22:51:01: link group x-terminal-emulator updated to point to /usr/bin/xterm
update-alternatives 2015-05-25 22:51:01: run with --install /usr/bin/x-terminal-emulator x-terminal-emulator /usr/bin/uxterm 20 --slave /usr/share/man/man1/x-terminal-emulator.1.gz x-terminal-emulator.1.gz /usr/share/man/man1/uxterm.1.gz
update-alternatives 2015-05-25 22:51:01: run with --install /usr/bin/x-terminal-emulator x-terminal-emulator /usr/bin/koi8rxterm 20 --slave /usr/share/man/man1/x-terminal-emulator.1.gz x-terminal-emulator.1.gz /usr/share/man/man1/koi8rxterm.1.gz
update-alternatives 2015-05-25 22:51:01: run with --install /usr/bin/x-terminal-emulator x-terminal-emulator /usr/bin/lxterm 30 --slave /usr/share/man/man1/x-terminal-emulator.1.gz x-terminal-emulator.1.gz /usr/share/man/man1/lxterm.1.gz
update-alternatives 2015-05-25 22:51:01: link group x-terminal-emulator updated to point to /usr/bin/lxterm
update-alternatives 2015-05-25 22:53:18: run with --remove x-terminal-emulator /usr/bin/koi8rxterm
update-alternatives 2015-05-25 22:53:18: run with --remove x-terminal-emulator /usr/bin/uxterm
update-alternatives 2015-05-25 22:53:18: run with --remove x-terminal-emulator /usr/bin/xterm
update-alternatives 2015-05-25 22:53:18: run with --remove x-terminal-emulator /usr/bin/lxterm
update-alternatives 2015-05-25 22:53:18: link group x-terminal-emulator fully removed
update-alternatives 2015-05-25 22:53:21: run with --remove libtxc-dxtn-x86_64-linux-gnu /usr/lib/x86_64-linux-gnu/libtxc_dxtn_s2tc.so.0
update-alternatives 2015-05-25 22:53:21: link group libtxc-dxtn-x86_64-linux-gnu fully removed
update-alternatives 2015-05-26 19:24:45: run with --quiet --install /lib/cpp cpp /usr/bin/cpp 10
update-alternatives 2015-05-26 19:24:45: link group cpp updated to point to /usr/bin/cpp
update-alternatives 2015-05-26 19:24:45: run with --quiet --install /usr/bin/cc cc /usr/bin/gcc 20
update-alternatives 2015-05-26 19:24:45: link group cc updated to point to /usr/bin/gcc
update-alternatives 2015-05-26 19:24:45: run with --quiet --install /usr/bin/c89 c89 /usr/bin/c89-gcc 20 --slave /usr/share/man/man1/c89.1.gz c89.1.gz /usr/share/man/man1/c89-gcc.1.gz
update-alternatives 2015-05-26 19:24:45: link group c89 updated to point to /usr/bin/c89-gcc
update-alternatives 2015-05-26 19:24:45: run with --quiet --install /usr/bin/c99 c99 /usr/bin/c99-gcc 20 --slave /usr/share/man/man1/c99.1.gz c99.1.gz /usr/share/man/man1/c99-gcc.1.gz
update-alternatives 2015-05-26 19:24:45: link group c99 updated to point to /usr/bin/c99-gcc
